<?xml version="1.0" encoding="UTF-8"?>
<testsuite name="org.hyperskill.calculator.tip.ExampleUnitTest" tests="8" skipped="0" failures="0" errors="0" timestamp="2021-07-22T15:01:12" hostname="DESKTOP-K912PJL" time="14.824">
  <properties/>
  <testcase name="testShouldCheckSliderListenerLast" classname="org.hyperskill.calculator.tip.ExampleUnitTest" time="12.077"/>
  <testcase name="testShouldCheckEditTextListenerFirst" classname="org.hyperskill.calculator.tip.ExampleUnitTest" time="0.484"/>
  <testcase name="testShouldCheckTextViewExist" classname="org.hyperskill.calculator.tip.ExampleUnitTest" time="0.478"/>
  <testcase name="testShouldCheckSliderExist" classname="org.hyperskill.calculator.tip.ExampleUnitTest" time="0.393"/>
  <testcase name="testShouldCheckSliderListenerFirst" classname="org.hyperskill.calculator.tip.ExampleUnitTest" time="0.395"/>
  <testcase name="testShouldCheckEditTextExist" classname="org.hyperskill.calculator.tip.ExampleUnitTest" time="0.375"/>
  <testcase name="testShouldCheckEditTextListenerLast" classname="org.hyperskill.calculator.tip.ExampleUnitTest" time="0.279"/>
  <testcase name="testShouldCheckLongJustForFun" classname="org.hyperskill.calculator.tip.ExampleUnitTest" time="0.341"/>
  <system-out><![CDATA[[Robolectric] org.hyperskill.calculator.tip.ExampleUnitTest.testShouldCheckSliderListenerLast: sdk=28; resources=BINARY
Called loadFromPath(/system/framework/framework-res.apk, true); mode=binary sdk=28
[Robolectric] org.hyperskill.calculator.tip.ExampleUnitTest.testShouldCheckEditTextListenerFirst: sdk=28; resources=BINARY
[Robolectric] org.hyperskill.calculator.tip.ExampleUnitTest.testShouldCheckTextViewExist: sdk=28; resources=BINARY
[Robolectric] org.hyperskill.calculator.tip.ExampleUnitTest.testShouldCheckSliderExist: sdk=28; resources=BINARY
[Robolectric] org.hyperskill.calculator.tip.ExampleUnitTest.testShouldCheckSliderListenerFirst: sdk=28; resources=BINARY
[Robolectric] org.hyperskill.calculator.tip.ExampleUnitTest.testShouldCheckEditTextExist: sdk=28; resources=BINARY
[Robolectric] org.hyperskill.calculator.tip.ExampleUnitTest.testShouldCheckEditTextListenerLast: sdk=28; resources=BINARY
[Robolectric] org.hyperskill.calculator.tip.ExampleUnitTest.testShouldCheckLongJustForFun: sdk=28; resources=BINARY
]]></system-out>
  <system-err><![CDATA[]]></system-err>
</testsuite>
